<?xml version="1.0" encoding="UTF-8"?>
<testng-results ignored="0" total="2" passed="2" failed="0" skipped="0">
  <reporter-output>
  </reporter-output>
  <suite started-at="2025-07-09T01:50:54 IST" name="MyTestSuite" finished-at="2025-07-09T01:51:06 IST" duration-ms="12150">
    <groups>
    </groups>
    <test started-at="2025-07-09T01:50:54 IST" name="MyTest" finished-at="2025-07-09T01:51:06 IST" duration-ms="12150">
      <class name="Testclasses.Amazontest">
        <test-method is-config="true" signature="setUp()[pri:0, instance:Testclasses.Amazontest@121314f7]" started-at="2025-07-09T01:50:54 IST" name="setUp" finished-at="2025-07-09T01:50:58 IST" duration-ms="3734" status="PASS">
          <reporter-output>
          </reporter-output>
        </test-method> <!-- setUp -->
        <test-method is-config="true" signature="setUp()[pri:0, instance:Testclasses.Amazontest@121314f7]" started-at="2025-07-09T01:50:54 IST" name="setUp" finished-at="2025-07-09T01:50:58 IST" duration-ms="4408" status="PASS">
          <reporter-output>
          </reporter-output>
        </test-method> <!-- setUp -->
        <test-method signature="searchSamsungandAddtoCart()[pri:0, instance:Testclasses.Amazontest@121314f7]" started-at="2025-07-09T01:50:58 IST" name="searchSamsungandAddtoCart" finished-at="2025-07-09T01:51:06 IST" duration-ms="7868" status="PASS">
          <reporter-output>
          </reporter-output>
        </test-method> <!-- searchSamsungandAddtoCart -->
        <test-method signature="searchiPhoneandAddtoCart()[pri:0, instance:Testclasses.Amazontest@121314f7]" started-at="2025-07-09T01:50:58 IST" name="searchiPhoneandAddtoCart" finished-at="2025-07-09T01:51:06 IST" duration-ms="7248" status="PASS">
          <reporter-output>
          </reporter-output>
        </test-method> <!-- searchiPhoneandAddtoCart -->
        <test-method is-config="true" signature="tearDown()[pri:0, instance:Testclasses.Amazontest@121314f7]" started-at="2025-07-09T01:51:06 IST" name="tearDown" finished-at="2025-07-09T01:51:06 IST" duration-ms="410" status="PASS">
          <reporter-output>
          </reporter-output>
        </test-method> <!-- tearDown -->
        <test-method is-config="true" signature="tearDown()[pri:0, instance:Testclasses.Amazontest@121314f7]" started-at="2025-07-09T01:51:06 IST" name="tearDown" finished-at="2025-07-09T01:51:06 IST" duration-ms="438" status="PASS">
          <reporter-output>
          </reporter-output>
        </test-method> <!-- tearDown -->
      </class> <!-- Testclasses.Amazontest -->
    </test> <!-- MyTest -->
  </suite> <!-- MyTestSuite -->
</testng-results>
