<?xml version="1.0" encoding="UTF-8"?>
<testng-results ignored="0" total="2" passed="2" failed="0" skipped="0">
  <reporter-output>
  </reporter-output>
  <suite started-at="2025-07-10T17:47:34 IST" name="LambdaTest Parallel Method Suite" finished-at="2025-07-10T17:47:55 IST" duration-ms="21324">
    <groups>
    </groups>
    <test started-at="2025-07-10T17:47:34 IST" name="ParallelMethodTest" finished-at="2025-07-10T17:47:55 IST" duration-ms="21324">
      <class name="testclasses.Amazontest">
        <test-method is-config="true" signature="setUp(java.lang.String,java.lang.String,java.lang.String,java.lang.String,java.lang.reflect.Method)[pri:0, instance:testclasses.Amazontest@4d5650ae]" started-at="2025-07-10T17:47:34 IST" name="setUp" finished-at="2025-07-10T17:47:42 IST" duration-ms="8363" status="PASS">
          <params>
            <param index="0">
              <value>
                <![CDATA[chrome]]>
              </value>
            </param>
            <param index="1">
              <value>
                <![CDATA[remote]]>
              </value>
            </param>
            <param index="2">
              <value>
                <![CDATA[Windows 10]]>
              </value>
            </param>
            <param index="3">
              <value>
                <![CDATA[latest]]>
              </value>
            </param>
            <param index="4">
              <value>
                <![CDATA[public void testclasses.Amazontest.searchSamsungandAddtoCart()]]>
              </value>
            </param>
          </params>
          <reporter-output>
          </reporter-output>
        </test-method> <!-- setUp -->
        <test-method is-config="true" signature="setUp(java.lang.String,java.lang.String,java.lang.String,java.lang.String,java.lang.reflect.Method)[pri:0, instance:testclasses.Amazontest@4d5650ae]" started-at="2025-07-10T17:47:34 IST" name="setUp" finished-at="2025-07-10T17:47:43 IST" duration-ms="9080" status="PASS">
          <params>
            <param index="0">
              <value>
                <![CDATA[chrome]]>
              </value>
            </param>
            <param index="1">
              <value>
                <![CDATA[remote]]>
              </value>
            </param>
            <param index="2">
              <value>
                <![CDATA[Windows 10]]>
              </value>
            </param>
            <param index="3">
              <value>
                <![CDATA[latest]]>
              </value>
            </param>
            <param index="4">
              <value>
                <![CDATA[public void testclasses.Amazontest.searchiPhoneandAddtoCart()]]>
              </value>
            </param>
          </params>
          <reporter-output>
          </reporter-output>
        </test-method> <!-- setUp -->
        <test-method signature="searchSamsungandAddtoCart()[pri:0, instance:testclasses.Amazontest@4d5650ae]" started-at="2025-07-10T17:47:42 IST" name="searchSamsungandAddtoCart" finished-at="2025-07-10T17:47:55 IST" duration-ms="12654" status="PASS">
          <reporter-output>
          </reporter-output>
        </test-method> <!-- searchSamsungandAddtoCart -->
        <test-method signature="searchiPhoneandAddtoCart()[pri:0, instance:testclasses.Amazontest@4d5650ae]" started-at="2025-07-10T17:47:43 IST" name="searchiPhoneandAddtoCart" finished-at="2025-07-10T17:47:55 IST" duration-ms="11576" status="PASS">
          <reporter-output>
          </reporter-output>
        </test-method> <!-- searchiPhoneandAddtoCart -->
        <test-method is-config="true" signature="tearDown()[pri:0, instance:testclasses.Amazontest@4d5650ae]" started-at="2025-07-10T17:47:55 IST" name="tearDown" finished-at="2025-07-10T17:47:55 IST" duration-ms="354" status="PASS">
          <reporter-output>
          </reporter-output>
        </test-method> <!-- tearDown -->
        <test-method is-config="true" signature="tearDown()[pri:0, instance:testclasses.Amazontest@4d5650ae]" started-at="2025-07-10T17:47:55 IST" name="tearDown" finished-at="2025-07-10T17:47:55 IST" duration-ms="248" status="PASS">
          <reporter-output>
          </reporter-output>
        </test-method> <!-- tearDown -->
      </class> <!-- testclasses.Amazontest -->
    </test> <!-- ParallelMethodTest -->
  </suite> <!-- LambdaTest Parallel Method Suite -->
</testng-results>
